Running fetcher...
11:54am: Ran fetcher - total KMs: 100
Complete
Running fetcher...
11:55am: Ran fetcher - total KMs: 200
Complete
Running fetcher...
11:56am: Ran fetcher - total KMs: 300
Complete
Running fetcher...
11:57am: Ran fetcher - total KMs: 400
Complete
Running fetcher...
11:58am: Ran fetcher - total KMs: 500
Complete
Running fetcher...
11:59am: Ran fetcher - total KMs: 600
Complete
Running fetcher...
12:00pm: Ran fetcher - total KMs: 700
Complete
Running fetcher...
12:01pm: Ran fetcher - total KMs: 800
Complete
Running fetcher...
12:02pm: Ran fetcher - total KMs: 900
Complete
Running fetcher...
12:03pm: Ran fetcher - total KMs: 1000
Complete
Running fetcher...
12:04pm: Ran fetcher - total KMs: 1012
Complete
Running fetcher...
12:05pm: Ran fetcher - total KMs: 1013
Complete
Running fetcher...
12:06pm: Ran fetcher - total KMs: 1064
Complete
Running fetcher...
12:07pm: Ran fetcher - total KMs: 1081
Complete
Running fetcher...
12:08pm: Ran fetcher - total KMs: 1082
Complete
Running fetcher...
12:09pm: Ran fetcher - total KMs: 1097
Complete
Running fetcher...
12:10pm: Ran fetcher - total KMs: 1100
Complete
Running fetcher...
Running fetcher...
12:12pm: Fetcher offline.
Complete
12:12pm: Ran fetcher - total KMs: 1134
Complete
Running fetcher...
12:13pm: Ran fetcher - total KMs: 1165
Complete
Running fetcher...
12:14pm: Ran fetcher - total KMs: 4
Complete
Running fetcher...
12:15pm: Ran fetcher - total KMs: 14
Complete
Running fetcher...
12:16pm: Ran fetcher - total KMs: 30
Complete
Running fetcher...
12:17pm: Ran fetcher - total KMs: 39
Complete
Running fetcher...
12:18pm: Ran fetcher - total KMs: 4
Complete
Running fetcher...
Running fetcher...
12:20pm: Fetcher offline.
Complete
12:20pm: Ran fetcher - total KMs: 54
Complete
Running fetcher...
12:22pm: Ran fetcher - total KMs: 16
Complete
Running fetcher...
12:24pm: Ran fetcher - total KMs: 50
Complete
Running fetcher...
12:26pm: Ran fetcher - total KMs: 9
Complete
Running fetcher...
12:28pm: Ran fetcher - total KMs: 83
Complete
Running fetcher...
12:30pm: Ran fetcher - total KMs: 48
Complete
Running fetcher...
12:33pm: Ran fetcher - total KMs: 31
Complete
Running fetcher...
12:34pm: Ran fetcher - total KMs: 83
Complete
Running fetcher...
12:36pm: Ran fetcher - total KMs: 19
Complete
Running fetcher...
12:38pm: Ran fetcher - total KMs: 31
Complete
Running fetcher...
12:40pm: Ran fetcher - total KMs: 13
Complete
Running fetcher...
12:42pm: Ran fetcher - total KMs: 22
Complete
Running fetcher...
12:44pm: Ran fetcher - total KMs: 3
Complete
Running fetcher...
12:46pm: Ran fetcher - total KMs: 40
Complete
Running fetcher...
12:48pm: Ran fetcher - total KMs: 14
Complete
Running fetcher...
12:50pm: Ran fetcher - total KMs: 36
Complete
Running fetcher...
12:52pm: Ran fetcher - total KMs: 50
Complete
Running fetcher...
12:54pm: Ran fetcher - total KMs: 50
Complete
Running fetcher...
12:56pm: Ran fetcher - total KMs: 39
Complete
Running fetcher...
12:58pm: Ran fetcher - total KMs: 12
Complete
Running fetcher...
1:00pm: Ran fetcher - total KMs: 1
Complete
Running fetcher...
1:02pm: Ran fetcher - total KMs: 5
Complete
Running fetcher...
1:04pm: Ran fetcher - total KMs: 5
Complete
Running fetcher...
1:06pm: Ran fetcher - total KMs: 27
Complete
Running fetcher...
1:08pm: Ran fetcher - total KMs: 59
Complete
Running fetcher...
1:10pm: Ran fetcher - total KMs: 14
Complete
Running fetcher...
1:13pm: Ran fetcher - total KMs: 95
Complete
Running fetcher...
1:14pm: Ran fetcher - total KMs: 112
Complete
Running fetcher...
1:16pm: Ran fetcher - total KMs: 38
Complete
Running fetcher...
1:18pm: Ran fetcher - total KMs: 83
Complete
Running fetcher...
1:20pm: Ran fetcher - total KMs: 16
Complete
Running fetcher...
1:22pm: Ran fetcher - total KMs: 41
Complete
Running fetcher...
1:24pm: Ran fetcher - total KMs: 8
Complete
Running fetcher...
1:26pm: Ran fetcher - total KMs: 12
Complete
Running fetcher...
1:28pm: Ran fetcher - total KMs: 59
Complete
Running fetcher...
1:31pm: Ran fetcher - total KMs: 52
Complete
Running fetcher...
1:32pm: Ran fetcher - total KMs: 80
Complete
Running fetcher...
1:34pm: Ran fetcher - total KMs: 26
Complete
Running fetcher...
1:36pm: Ran fetcher - total KMs: 11
Complete
Running fetcher...
1:38pm: Ran fetcher - total KMs: 29
Complete
Running fetcher...
1:40pm: Ran fetcher - total KMs: 17
Complete
Running fetcher...
1:42pm: Ran fetcher - total KMs: 39
Complete
Running fetcher...
1:44pm: Ran fetcher - total KMs: 16
Complete
Running fetcher...
1:46pm: Ran fetcher - total KMs: 27
Complete
Running fetcher...
1:49pm: Ran fetcher - total KMs: 35
Complete
Running fetcher...
1:50pm: Ran fetcher - total KMs: 57
Complete
Running fetcher...
1:52pm: Ran fetcher - total KMs: 27
Complete
Running fetcher...
1:54pm: Ran fetcher - total KMs: 18
Complete
Running fetcher...
1:56pm: Ran fetcher - total KMs: 100
Complete
Running fetcher...
1:58pm: Ran fetcher - total KMs: 22
Complete
Running fetcher...
2:00pm: Ran fetcher - total KMs: 13
Complete
Running fetcher...
2:02pm: Ran fetcher - total KMs: 10
Complete
Running fetcher...
2:04pm: Ran fetcher - total KMs: 10
Complete
Running fetcher...
2:06pm: Ran fetcher - total KMs: 11
Complete
Running fetcher...
2:08pm: Ran fetcher - total KMs: 54
Complete
Running fetcher...
2:10pm: Ran fetcher - total KMs: 30
Complete
Running fetcher...
Complete
Running fetcher...
Complete
Running fetcher...
Complete
Running fetcher...
Complete
Running fetcher...
Complete
Running fetcher...
Complete
Running fetcher...
Complete
Running fetcher...
Complete
Running fetcher...
Complete
Running fetcher...
Complete
Running fetcher...
Complete
Running fetcher...
Complete
Running fetcher...
Complete
Running fetcher...
Complete
Running fetcher...
Complete
Running fetcher...
Complete
Running fetcher...
Complete
Running fetcher...
Complete
Running fetcher...
Complete
Running fetcher...
Complete
Running fetcher...
Complete
Running fetcher...
Complete
Running fetcher...
Complete
Running fetcher...
Complete
Running fetcher...
Complete
Running fetcher...
Complete
Running fetcher...
Complete
Running fetcher...
Complete
Running fetcher...
Complete
Running fetcher...
Complete
Running fetcher...
Complete
Running fetcher...
Complete
Running fetcher...
Complete
Running fetcher...
Complete
Running fetcher...
Complete
Running fetcher...
Complete
Running fetcher...
Complete
Running fetcher...
Complete
Running fetcher...
Complete
Running fetcher...
Complete
Running fetcher...
Complete
Running fetcher...
Complete
Running fetcher...
Complete
Running fetcher...
Complete
Running fetcher...
Complete
Running fetcher...
Complete
Running fetcher...
Complete
Running fetcher...
Complete
Running fetcher...
Complete
Running fetcher...
Complete
Running fetcher...
Complete
Running fetcher...
Complete
Running fetcher...
Complete
Running fetcher...
Complete
Running fetcher...
Complete
Running fetcher...
Complete
Running fetcher...
Complete
Running fetcher...
Complete
Running fetcher...
Complete
Running fetcher...
Complete
Running fetcher...
Complete
Running fetcher...
Complete
Running fetcher...
Complete
Running fetcher...
Complete
Running fetcher...
Complete
Running fetcher...
Complete
Running fetcher...
Complete
Running fetcher...
Complete
Running fetcher...
Complete
Running fetcher...
Complete
Running fetcher...
Complete
Running fetcher...
Complete
Running fetcher...
Complete
Running fetcher...
Complete
Running fetcher...
Complete
Running fetcher...
Complete
Running fetcher...
Complete
Running fetcher...
Complete
Running fetcher...
Complete
Running fetcher...
Complete
Running fetcher...
Complete
Running fetcher...
Complete
Running fetcher...
Complete
Running fetcher...
Complete
Running fetcher...
Complete
Running fetcher...
Complete
Running fetcher...
Complete
Running fetcher...
Complete
Running fetcher...
Complete
Running fetcher...
Complete
Running fetcher...
Complete
Running fetcher...
Complete
Running fetcher...
Complete
Running fetcher...
Complete
Running fetcher...
Complete
Running fetcher...
Complete
Running fetcher...
Complete
Running fetcher...
Complete
Running fetcher...
Complete
Running fetcher...
Complete
Running fetcher...
Complete
Running fetcher...
Complete
Running fetcher...
Complete
Running fetcher...
Complete
Running fetcher...
Complete
Running fetcher...
Complete
Running fetcher...
Complete
Running fetcher...
Complete
Running fetcher...
Complete
Running fetcher...
Complete
Running fetcher...
Complete
Running fetcher...
Complete
Running fetcher...
Complete
Running fetcher...
Complete
Running fetcher...
Complete
Running fetcher...
Complete
Running fetcher...
Complete
Running fetcher...
Complete
Running fetcher...
Complete
Running fetcher...
Complete
Running fetcher...
Complete
Running fetcher...
Complete
Running fetcher...
Complete
Running fetcher...
Complete
Running fetcher...
Complete
Running fetcher...
Complete
Running fetcher...
Complete
Running fetcher...
Complete
Running fetcher...
Complete
Running fetcher...
Complete
Running fetcher...
Complete
Running fetcher...
Complete
Running fetcher...
Complete
Running fetcher...
Complete
Running fetcher...
Complete
Running fetcher...
Complete
Running fetcher...
Complete
Running fetcher...
Complete
Running fetcher...
Complete
Running fetcher...
Complete
Running fetcher...
Complete
Running fetcher...
Complete
Running fetcher...
Complete
Running fetcher...
Complete
Running fetcher...
Complete
Running fetcher...
Complete
Running fetcher...
Complete
Running fetcher...
Complete
Running fetcher...
Complete
Running fetcher...
Complete
Running fetcher...
Complete
Running fetcher...
Complete
Running fetcher...
Complete
Running fetcher...
Complete
Running fetcher...
Complete
Running fetcher...
Complete
Running fetcher...
Complete
Running fetcher...
Complete
Running fetcher...
Complete
Running fetcher...
Complete
Running fetcher...
Complete
Running fetcher...
Complete
Running fetcher...
Complete
Running fetcher...
Complete
Running fetcher...
Complete
Running fetcher...
Complete
Running fetcher...
Complete
Running fetcher...
Complete
Running fetcher...
Complete
Running fetcher...
Complete
Running fetcher...
Complete
Running fetcher...
Complete
Running fetcher...
Complete
Running fetcher...
Complete
Running fetcher...
Complete
Running fetcher...
Complete
Running fetcher...
Complete
Running fetcher...
Complete
Running fetcher...
Complete
Running fetcher...
Complete
Running fetcher...
Complete
Running fetcher...
Complete
Running fetcher...
Complete
Running fetcher...
Complete
Running fetcher...
Complete
Running fetcher...
Complete
Running fetcher...
Complete
Running fetcher...
Complete
Running fetcher...
Complete
Running fetcher...
Complete
Running fetcher...
Complete
Running fetcher...
Complete
Running fetcher...
Complete
Running fetcher...
Running fetcher...
Complete
Complete
Running fetcher...
Complete
Running fetcher...
Complete
Running fetcher...
Complete
Running fetcher...
Complete
Running fetcher...
Complete
Running fetcher...
Complete
Running fetcher...
Complete
Running fetcher...
Complete
Running fetcher...
Complete
Running fetcher...
Complete
Running fetcher...
Complete
Running fetcher...
Complete
Running fetcher...
Complete
Running fetcher...
Complete
Running fetcher...
Complete
Running fetcher...
Complete
Running fetcher...
Complete
Running fetcher...
Complete
Running fetcher...
Running fetcher...
Complete
Complete
Running fetcher...
Complete
Running fetcher...
Complete
Running fetcher...
Complete
Running fetcher...
Complete
Running fetcher...
Complete
Running fetcher...
Complete
Running fetcher...
Complete
Running fetcher...
Complete
Running fetcher...
Complete
Running fetcher...
Complete
Running fetcher...
Complete
Running fetcher...
Complete
Running fetcher...
Complete
Running fetcher...
Complete
Running fetcher...
Complete
Running fetcher...
Complete
Running fetcher...
Complete
Running fetcher...
Complete
Running fetcher...
Complete
Running fetcher...
Complete
Running fetcher...
Complete
Running fetcher...
Complete
Running fetcher...
Complete
Running fetcher...
Complete
Running fetcher...
Complete
Running fetcher...
Complete
Running fetcher...
Running fetcher...
Complete
Complete
Running fetcher...
Complete
Running fetcher...
Complete
Running fetcher...
Complete
Running fetcher...
Complete
Running fetcher...
Complete
Running fetcher...
Complete
Running fetcher...
Complete
Running fetcher...
Complete
Running fetcher...
Complete
Running fetcher...
Complete
Running fetcher...
Complete
Running fetcher...
Complete
Running fetcher...
Complete
Running fetcher...
Complete
Running fetcher...
Complete
Running fetcher...
Complete
Running fetcher...
Complete
Running fetcher...
Complete
Running fetcher...
Complete
Running fetcher...
Complete
Running fetcher...
Complete
Running fetcher...
Complete
Running fetcher...
Complete
Running fetcher...
Complete
Running fetcher...
Complete
Running fetcher...
Complete
Running fetcher...
Complete
Running fetcher...
Complete
Running fetcher...
Complete
Running fetcher...
Complete
Running fetcher...
Complete
Running fetcher...
Complete
Running fetcher...
Complete
Running fetcher...
Complete
Running fetcher...
Complete
Running fetcher...
Complete
Running fetcher...
Complete
Running fetcher...
Complete
Running fetcher...
Complete
Running fetcher...
Complete
Running fetcher...
Complete
Running fetcher...
Complete
Running fetcher...
Complete
Running fetcher...
Complete
Running fetcher...
Complete
Running fetcher...
Complete
Running fetcher...
Complete
Running fetcher...
Complete
Running fetcher...
Complete
Running fetcher...
Complete
Running fetcher...
Complete
Running fetcher...
Complete
Running fetcher...
Complete
Running fetcher...
Complete
Running fetcher...
Complete
Running fetcher...
Complete
Running fetcher...
Complete
Running fetcher...
Complete
Running fetcher...
Complete
Running fetcher...
Complete
Running fetcher...
Complete
Running fetcher...
Complete
Running fetcher...
Complete
Running fetcher...
Complete
Running fetcher...
Complete
Running fetcher...
Complete
Running fetcher...
Complete
Running fetcher...
Complete
Running fetcher...
Complete
Running fetcher...
Complete
