2 P:2 A:199]
12:57pm: Created battle: [S:2 P:2 A:171]
12:57pm: Created battle: [S:2 P:3 A:556]
12:57pm: Created battle: [S:2 P:2 A:319]
12:57pm: Processed 5 KMs.
12:57pm: Ran engine.
12:57pm: Expiring battle: [S:1 P:6 A:7263]
12:57pm: Expiring battle: [S:2 P:2 A:7221]
12:57pm: Expiring battle: [S:2 P:2 A:7258]
12:57pm: Expiring battle: [S:2 P:3 A:7233]
12:57pm: Expiring battle: [S:2 P:2 A:7202]
12:57pm: Updating json
12:57pm: Battle 98 is major... adding.
12:57pm: Battle 127 is major... adding.
12:57pm: Complete (Mem: 9.1MB)

12:59pm: 28 KMs fetched.
12:59pm: Ran fetcher - total KMs: 28
12:59pm: 28 KMs to be processed.
12:59pm: Created battle: [S:2 P:6 A:327]
12:59pm: Created battle: [S:2 P:2 A:301]
12:59pm: Created battle: [S:2 P:29 A:117]
12:59pm: Created battle: [S:1 P:3 A:715]
12:59pm: Created battle: [S:2 P:2 A:488]
12:59pm: Created battle: [S:2 P:3 A:353]
12:59pm: Created battle: [S:1 P:3 A:345]
12:59pm: Created battle: [S:1 P:5 A:470]
12:59pm: Created battle: [S:2 P:6 A:112]
12:59pm: Created battle: [S:1 P:2 A:1961]
12:59pm: Created battle: [S:1 P:4 A:236]
12:59pm: Processed 27 KMs.
12:59pm: Ran engine.
12:59pm: Expiring battle: [S:2 P:4 A:7301]
12:59pm: Expiring battle: [S:2 P:7 A:7228]
12:59pm: Expiring battle: [S:1 P:2 A:7301]
12:59pm: Expiring battle: [S:1 P:3 A:7277]
12:59pm: Updating json
12:59pm: Battle 94 is major... adding.
12:59pm: Battle 123 is major... adding.
12:59pm: Complete (Mem: 9.4MB)

1:00pm: 10 KMs fetched.
1:00pm: Ran fetcher - total KMs: 10
1:01pm: 10 KMs to be processed.
1:01pm: Created battle: [S:1 P:3 A:521]
1:01pm: Created battle: [S:2 P:3 A:155]
1:01pm: Processed 9 KMs.
1:01pm: Ran engine.
1:01pm: Expiring battle: [S:3 P:3 A:7252]
1:01pm: Expiring battle: [S:2 P:4 A:7302]
1:01pm: Expiring battle: [S:1 P:2 A:7294]
1:01pm: Expiring battle: [S:2 P:2 A:7257]
1:01pm: Expiring battle: [S:2 P:2 A:7207]
1:01pm: Updating json
1:01pm: Battle 89 is major... adding.
1:01pm: Battle 118 is major... adding.
1:01pm: Complete (Mem: 9.4MB)

1:02pm: 2 KMs fetched.
1:02pm: Ran fetcher - total KMs: 2
1:03pm: 2 KMs to be processed.
1:03pm: Processed 0 KMs.
1:03pm: Ran engine.
1:03pm: Updating json
1:03pm: Battle 89 is major... adding.
1:03pm: Battle 118 is major... adding.
1:03pm: Complete (Mem: 9.3MB)

1:04pm: 11 KMs fetched.
1:04pm: Ran fetcher - total KMs: 11
1:05pm: 11 KMs to be processed.
1:05pm: Created battle: [S:2 P:11 A:662]
1:05pm: Processed 11 KMs.
1:05pm: Ran engine.
1:05pm: Updating json
1:05pm: Battle 89 is major... adding.
1:05pm: Battle 118 is major... adding.
1:05pm: Updating cache for universe/systems/30002940/:cache/d9/e650eb233eb370a08a4b231788fdf4 (1017)
1:05pm: Updating cache for universe/stars/40186664/:cache/3e/dda93468bec7c324649a59206c071d (347)
1:05pm: Updating cache for corporations/98480589/:cache/c4/2d2c919b5d6346720d976767918d0b (701)
1:05pm: Updating cache for alliances/99010275/:cache/9d/6826626729aba53d69b08789d3eec6 (305)
1:05pm: Battle 220 is major... adding.
1:05pm: Battle 221 is major... adding.
1:05pm: Complete (Mem: 9.4MB)

1:06pm: 9 KMs fetched.
1:06pm: Ran fetcher - total KMs: 9
1:07pm: 9 KMs to be processed.
1:07pm: Created battle: [S:2 P:6 A:213]
1:07pm: Created battle: [S:2 P:15 A:274]
1:07pm: Processed 8 KMs.
1:07pm: Ran engine.
1:07pm: Updating json
1:07pm: Updating cache for status:cache/15/802911e89c4e0057f45436750478ad (225)
1:07pm: Battle 89 is major... adding.
1:07pm: Battle 118 is major... adding.
1:07pm: Battle 220 is major... adding.
1:07pm: Updating cache for universe/systems/30003997/:cache/95/d0a2d88eb021298782cf4e32ca9b56 (1243)
1:07pm: Updating cache for universe/stars/40253093/:cache/7a/265fbf803a82bc727de157d1b57e33 (342)
1:07pm: Updating cache for corporations/98658535/:cache/a3/43b86352a8d2bb54a547e9ee6ae340 (777)
1:07pm: Updating cache for corporations/98463330/:cache/51/cb2ada95d7aa146eda177ccdc2b456 (425)
1:07pm: Updating cache for corporations/98654480/:cache/50/7568c49f634ef1385b4e22e7c567bd (1659)
1:07pm: Battle 221 is major... adding.
1:07pm: Complete (Mem: 9.5MB)

1:08pm: 10 KMs fetched.
1:08pm: Ran fetcher - total KMs: 10
1:09pm: 10 KMs to be processed.
1:09pm: Created battle: [S:2 P:2 A:93]
1:09pm: Created battle: [S:2 P:5 A:134]
1:09pm: Created battle: [S:2 P:3 A:240]
1:09pm: Created battle: [S:2 P:3 A:810]
1:09pm: Created battle: [S:2 P:2 A:366]
1:09pm: Processed 7 KMs.
1:09pm: Ran engine.
1:09pm: Updating json
1:09pm: Battle 89 is major... adding.
1:09pm: Battle 118 is major... adding.
1:09pm: Battle 220 is major... adding.
1:09pm: Battle 221 is major... adding.
1:09pm: Complete (Mem: 9.7MB)

1:10pm: 4 KMs fetched.
1:10pm: Ran fetcher - total KMs: 4
1:11pm: 4 KMs to be processed.
1:11pm: Created battle: [S:2 P:2 A:328]
1:11pm: Created battle: [S:2 P:3 A:458]
1:11pm: Processed 3 KMs.
1:11pm: Ran engine.
1:11pm: Updating json
1:11pm: Battle 89 is major... adding.
1:11pm: Battle 118 is major... adding.
1:11pm: Battle 220 is major... adding.
1:11pm: Battle 221 is major... adding.
1:11pm: Complete (Mem: 9.7MB)

