Running processor...
11:39am: Processed 0 KMs.
11:39am: Ran engine.
11:39am: Updating json
Complete
Running processor...
11:54am: Processed 0 KMs.
11:54am: Ran engine.
11:54am: Updating json
Complete
Running processor...
Running processor...
Running processor...
Running processor...
Running processor...
Running processor...
Running processor...
Running processor...
Running processor...
Running processor...
Running processor...
Running processor...
Running processor...
Running processor...
Running processor...
/var/www/html/engine
Running processor...
/var/www/html/engine
Running processor...
/var/www/html/engine
Running processor...
/var/www/html/engine
12:12pm: Processed 0 KMs.
12:12pm: Ran engine.
12:12pm: Updating json
Complete
Running processor...
/var/www/html/engine
Running processor...
/var/www/html/engine
12:14pm: Processed 0 KMs.
12:14pm: Ran engine.
12:14pm: Updating json
Complete
Running processor...
/var/www/html/engine
Running processor...
/var/www/html/engine
Running processor...
/var/www/html/engine
Running processor...
/var/www/html/engine
12:18pm: Processed 0 KMs.
12:18pm: Ran engine.
12:18pm: Updating json
Complete
Running processor...
/var/www/html/engine
12:19pm: Processed 0 KMs.
12:19pm: Ran engine.
12:19pm: Updating json
Complete
Running processor...
/var/www/html/engine
12:20pm: Processed 0 KMs.
12:20pm: Ran engine.
12:20pm: Updating json
Complete
Running processor...
/var/www/html/engine
12:21pm: Created battle
Running processor...
/var/www/html/engine
12:23pm: Created battle
12:23pm: Created battle
12:23pm: Created battle
12:23pm: Created battle
12:23pm: Created battle
12:23pm: Created battle
12:23pm: Created battle
12:23pm: Created battle
12:23pm: Processed 16 KMs.
12:23pm: Ran engine.
12:23pm: Updating json
Complete
Running processor...
/var/www/html/engine
12:25pm: Created battle
12:25pm: Created battle
12:25pm: Created battle
12:25pm: Created battle
12:25pm: Created battle
12:25pm: Created battle
12:25pm: Created battle
12:25pm: Created battle
12:25pm: Created battle
12:25pm: Created battle
12:25pm: Created battle
12:25pm: Created battle
12:25pm: Created battle
12:25pm: Created battle
12:25pm: Created battle
12:25pm: Created battle
12:25pm: Processed 50 KMs.
12:25pm: Ran engine.
12:25pm: Expiring battle
12:25pm: Expiring battle
12:25pm: Expiring battle
12:25pm: Expiring battle
12:25pm: Expiring battle
12:25pm: Expiring battle
12:25pm: Expiring battle
12:25pm: Expiring battle
12:25pm: Expiring battle
12:25pm: Updating json
Complete
Running processor...
/var/www/html/engine
12:27pm: Created battle
12:27pm: Created battle
12:27pm: Processed 9 KMs.
12:27pm: Ran engine.
12:27pm: Updating json
Complete
Running processor...
/var/www/html/engine
12:29pm: Created battle
12:29pm: Created battle
12:29pm: Created battle
12:29pm: Created battle
12:29pm: Created battle
12:29pm: Created battle
12:29pm: Created battle
12:29pm: Created battle
12:29pm: Created battle
12:29pm: Created battle
12:29pm: Created battle
12:29pm: Created battle
12:29pm: Created battle
12:29pm: Created battle
12:29pm: Created battle
12:29pm: Created battle
12:29pm: Created battle
12:29pm: Created battle
12:29pm: Created battle
12:29pm: Created battle
12:29pm: Created battle
12:29pm: Created battle
12:29pm: Created battle
12:29pm: Created battle
12:29pm: Created battle
12:29pm: Processed 83 KMs.
12:29pm: Ran engine.
12:29pm: Updating json
12:29pm: Updating cache for cache/15/802911e89c4e0057f45436750478ad (330)
Complete
Running processor...
/var/www/html/engine
12:31pm: Created battle
12:31pm: Created battle
12:31pm: Created battle
12:31pm: Created battle
12:31pm: Created battle
12:31pm: Created battle
12:31pm: Created battle
12:31pm: Created battle
12:31pm: Created battle
12:31pm: Created battle
12:31pm: Created battle
Running processor...
/var/www/html/engine
12:33pm: Processed 0 KMs.
12:33pm: Ran engine.
12:33pm: Updating json
Complete
Running processor...
/var/www/html/engine
12:35pm: Created battle
12:35pm: Created battle
12:35pm: Created battle
12:35pm: Created battle
12:35pm: Created battle
12:35pm: Created battle
12:35pm: Created battle
12:35pm: Created battle
12:35pm: Created battle
12:35pm: Created battle
Running processor...
/var/www/html/engine
12:37pm: Created battle
12:37pm: Created battle
12:37pm: Created battle
12:37pm: Created battle
12:37pm: Created battle
12:37pm: Created battle
12:37pm: Created battle
12:37pm: Created battle
12:37pm: Created battle
12:37pm: Created battle
12:37pm: Created battle
12:37pm: Processed 19 KMs.
12:37pm: Ran engine.
12:37pm: Updating json
12:37pm: Updating cache for cache/15/802911e89c4e0057f45436750478ad (330)
Complete
Running processor...
/var/www/html/engine
12:39pm: Created battle
12:39pm: Created battle
12:39pm: Created battle
12:39pm: Created battle
12:39pm: Created battle
12:39pm: Created battle
12:39pm: Created battle
12:39pm: Created battle
12:39pm: Created battle
12:39pm: Created battle
12:39pm: Processed 31 KMs.
12:39pm: Ran engine.
12:39pm: Updating json
Complete
Running processor...
/var/www/html/engine
12:41pm: Created battle
12:41pm: Created battle
12:41pm: Created battle
12:41pm: Created battle
12:41pm: Created battle
12:41pm: Created battle
12:41pm: Created battle
12:41pm: Created battle
12:41pm: Processed 13 KMs.
12:41pm: Ran engine.
12:41pm: Updating json
Complete
Running processor...
/var/www/html/engine
12:43pm: Created battle
12:43pm: Created battle
12:43pm: Created battle
12:43pm: Created battle
12:43pm: Created battle
12:43pm: Created battle
Running processor...
/var/www/html/engine
12:45pm: Created battle
12:45pm: Created battle
12:45pm: Created battle
12:45pm: Processed 3 KMs.
12:45pm: Ran engine.
12:45pm: Updating json
12:45pm: Updating cache for cache/15/802911e89c4e0057f45436750478ad (330)
Complete
Running processor...
/var/www/html/engine
12:47pm: Created battle
12:47pm: Created battle
12:47pm: Created battle
12:47pm: Created battle
12:47pm: Created battle
12:47pm: Created battle
12:47pm: Created battle
12:47pm: Created battle
12:47pm: Created battle
12:47pm: Created battle
12:47pm: Created battle
Running processor...
/var/www/html/engine
12:49pm: Created battle
12:49pm: Created battle
12:49pm: Created battle
12:49pm: Created battle
12:49pm: Created battle
12:49pm: Created battle
12:49pm: Created battle
12:49pm: Created battle
12:49pm: Processed 14 KMs.
12:49pm: Ran engine.
12:49pm: Updating json
Complete
Running processor...
/var/www/html/engine
12:51pm: Created battle
12:51pm: Created battle
12:51pm: Created battle
12:51pm: Created battle
12:51pm: Created battle
12:51pm: Created battle
12:51pm: Created battle
12:51pm: Created battle
12:51pm: Created battle
12:51pm: Created battle
12:51pm: Created battle
12:51pm: Created battle
12:51pm: Created battle
12:51pm: Created battle
12:51pm: Created battle
12:51pm: Created battle
12:51pm: Processed 36 KMs.
12:51pm: Ran engine.
12:51pm: Updating json
12:51pm: Updating cache for cache/15/802911e89c4e0057f45436750478ad (330)
Complete
Running processor...
/var/www/html/engine
12:53pm: Created battle
12:53pm: Created battle
12:53pm: Created battle
12:53pm: Created battle
12:53pm: Created battle
12:53pm: Created battle
12:53pm: Created battle
12:53pm: Created battle
12:53pm: Created battle
12:53pm: Created battle
12:53pm: Created battle
12:53pm: Created battle
12:53pm: Processed 50 KMs.
12:53pm: Ran engine.
12:53pm: Updating json
Complete
Running processor...
/var/www/html/engine
12:55pm: Created battle
12:55pm: Created battle
12:55pm: Created battle
12:55pm: Created battle
12:55pm: Created battle
12:55pm: Created battle
12:55pm: Created battle
12:55pm: Created battle
12:55pm: Created battle
12:55pm: Created battle
12:55pm: Processed 50 KMs.
12:55pm: Ran engine.
12:55pm: Expiring battle
12:55pm: Updating json
Complete
Running processor...
/var/www/html/engine
12:57pm: Created battle
12:57pm: Created battle
12:57pm: Created battle
12:57pm: Created battle
12:57pm: Created battle
12:57pm: Created battle
12:57pm: Created battle
12:57pm: Created battle
12:57pm: Created battle
12:57pm: Created battle
12:57pm: Created battle
12:57pm: Processed 39 KMs.
12:57pm: Ran engine.
12:57pm: Updating json
12:57pm: Updating cache for cache/15/802911e89c4e0057f45436750478ad (330)
Complete
Running processor...
/var/www/html/engine
12:59pm: Created battle
12:59pm: Created battle
12:59pm: Created battle
12:59pm: Created battle
12:59pm: Created battle
12:59pm: Created battle
12:59pm: Processed 12 KMs.
12:59pm: Ran engine.
12:59pm: Updating json
Complete
Running processor...
/var/www/html/engine
1:01pm: Created battle
1:01pm: Processed 1 KMs.
1:01pm: Ran engine.
1:01pm: Updating json
Complete
Running processor...
/var/www/html/engine
1:03pm: Created battle
1:03pm: Created battle
1:03pm: Created battle
1:03pm: Processed 5 KMs.
1:03pm: Ran engine.
1:03pm: Updating json
1:03pm: Updating cache for cache/15/802911e89c4e0057f45436750478ad (330)
Complete
Running processor...
/var/www/html/engine
1:05pm: Created battle
1:05pm: Created battle
1:05pm: Processed 5 KMs.
1:05pm: Ran engine.
1:05pm: Updating json
Complete
Running processor...
/var/www/html/engine
1:07pm: Created battle
1:07pm: Created battle
1:07pm: Created battle
1:07pm: Created battle
1:07pm: Created battle
1:07pm: Created battle
1:07pm: Processed 27 KMs.
1:07pm: Ran engine.
1:07pm: Updating json
Complete
Running processor...
/var/www/html/engine
1:09pm: Created battle
1:09pm: Created battle
1:09pm: Created battle
Running processor...
/var/www/html/engine
1:11pm: Created battle
1:11pm: Created battle
1:11pm: Created battle
1:11pm: Created battle
1:11pm: Created battle
1:11pm: Created battle
1:11pm: Created battle
1:11pm: Created battle
1:11pm: Processed 14 KMs.
1:11pm: Ran engine.
1:11pm: Expiring battle
1:11pm: Expiring battle
1:11pm: Updating json
1:11pm: Updating cache for cache/15/802911e89c4e0057f45436750478ad (330)
Complete
Running processor...
/var/www/html/engine
1:13pm: Processed 0 KMs.
1:13pm: Ran engine.
1:13pm: Updating json
Complete
Running processor...
/var/www/html/engine
1:15pm: Created battle
1:15pm: Created battle
1:15pm: Created battle
1:15pm: Created battle
1:15pm: Created battle
1:15pm: Created battle
1:15pm: Created battle
1:15pm: Created battle
1:15pm: Created battle
1:15pm: Created battle
1:15pm: Created battle
1:15pm: Created battle
1:15pm: Created battle
1:15pm: Created battle
1:15pm: Created battle
1:15pm: Created battle
1:15pm: Created battle
1:15pm: Created battle
1:15pm: Created battle
1:15pm: Created battle
1:15pm: Created battle
1:15pm: Created battle
1:15pm: Created battle
1:15pm: Created battle
1:15pm: Created battle
1:15pm: Created battle
1:15pm: Created battle
1:15pm: Created battle
1:15pm: Created battle
1:15pm: Created battle
1:15pm: Created battle
1:15pm: Created battle
1:15pm: Created battle
1:15pm: Created battle
1:15pm: Created battle
1:15pm: Created battle
1:15pm: Created battle
1:15pm: Created battle
1:15pm: Created battle
1:15pm: Created battle
1:15pm: Created battle
Running processor...
/var/www/html/engine
1:17pm: Created battle
1:17pm: Created battle
1:17pm: Created battle
1:17pm: Created battle
1:17pm: Created battle
1:17pm: Created battle
1:17pm: Created battle
1:17pm: Created battle
1:17pm: Created battle
1:17pm: Created battle
1:17pm: Created battle
1:17pm: Created battle
1:17pm: Created battle
1:17pm: Created battle
1:17pm: Created battle
1:17pm: Created battle
1:17pm: Created battle
1:17pm: Created battle
1:17pm: Created battle
Running processor...
/var/www/html/engine
1:19pm: Created battle
1:19pm: Created battle
1:19pm: Created battle
1:19pm: Created battle
1:19pm: Created battle
1:19pm: Created battle
1:19pm: Created battle
1:19pm: Created battle
1:19pm: Created battle
1:19pm: Created battle
1:19pm: Created battle
1:19pm: Created battle
1:19pm: Created battle
1:19pm: Created battle
1:19pm: Created battle
1:19pm: Created battle
1:19pm: Created battle
1:19pm: Created battle
1:19pm: Created battle
1:19pm: Created battle
1:19pm: Created battle
1:19pm: Created battle
1:19pm: Created battle
1:19pm: Created battle
1:19pm: Created battle
1:19pm: Created battle
1:19pm: Created battle
1:19pm: Created battle
1:19pm: Created battle
1:19pm: Created battle
1:19pm: Created battle
1:19pm: Created battle
1:19pm: Created battle
1:19pm: Created battle
1:19pm: Created battle
1:19pm: Created battle
1:19pm: Processed 83 KMs.
1:19pm: Ran engine.
1:19pm: Updating json
1:19pm: Updating cache for cache/15/802911e89c4e0057f45436750478ad (330)
Complete
Running processor...
/var/www/html/engine
1:21pm: Created battle
1:21pm: Created battle
1:21pm: Created battle
1:21pm: Created battle
1:21pm: Created battle
1:21pm: Created battle
1:21pm: Created battle
1:21pm: Created battle
1:21pm: Created battle
1:21pm: Created battle
1:21pm: Created battle
1:21pm: Processed 16 KMs.
1:21pm: Ran engine.
1:21pm: Updating json
Complete
Running processor...
/var/www/html/engine
1:23pm: Created battle
1:23pm: Created battle
1:23pm: Created battle
1:23pm: Created battle
1:23pm: Created battle
1:23pm: Created battle
1:23pm: Created battle
1:23pm: Created battle
1:23pm: Created battle
1:23pm: Created battle
1:23pm: Created battle
1:23pm: Created battle
1:23pm: Created battle
1:23pm: Created battle
1:23pm: Created battle
1:23pm: Created battle
1:23pm: Created battle
1:23pm: Created battle
1:23pm: Created battle
1:23pm: Created battle
1:23pm: Created battle
1:23pm: Created battle
1:23pm: Processed 41 KMs.
1:23pm: Ran engine.
1:23pm: Expiring battle
1:23pm: Expiring battle
1:23pm: Expiring battle
1:23pm: Expiring battle
1:23pm: Expiring battle
1:23pm: Expiring battle
1:23pm: Expiring battle
1:23pm: Expiring battle
1:23pm: Expiring battle
1:23pm: Expiring battle
1:23pm: Expiring battle
1:23pm: Expiring battle
1:23pm: Expiring battle
1:23pm: Expiring battle
1:23pm: Updating json
Complete
Running processor...
/var/www/html/engine
1:25pm: Created battle
1:25pm: Created battle
1:25pm: Created battle
1:25pm: Created battle
1:25pm: Created battle
1:25pm: Processed 8 KMs.
1:25pm: Ran engine.
1:25pm: Updating json
1:25pm: Updating cache for cache/15/802911e89c4e0057f45436750478ad (330)
Complete
Running processor...
/var/www/html/engine
1:27pm: Created battle
1:27pm: Created battle
1:27pm: Created battle
1:27pm: Created battle
1:27pm: Created battle
1:27pm: Created battle
1:27pm: Created battle
1:27pm: Processed 12 KMs.
1:27pm: Ran engine.
1:27pm: Updating json
Complete
Running processor...
/var/www/html/engine
1:29pm: Created battle
1:29pm: Created battle
1:29pm: Created battle
1:29pm: Created battle
1:29pm: Created battle
1:29pm: Created battle
1:29pm: Created battle
1:29pm: Created battle
1:29pm: Created battle
1:29pm: Created battle
1:29pm: Created battle
1:29pm: Created battle
1:29pm: Created battle
1:29pm: Created battle
1:29pm: Created battle
Running processor...
/var/www/html/engine
1:31pm: Processed 0 KMs.
1:31pm: Ran engine.
1:31pm: Updating json
1:31pm: Updating cache for cache/15/802911e89c4e0057f45436750478ad (330)
Complete
Running processor...
/var/www/html/engine
1:33pm: Created battle: [S:2 P:6 A:354]
1:33pm: Created battle: [S:2 P:2 A:819]
1:33pm: Created battle: [S:2 P:2 A:277]
1:33pm: Created battle: [S:2 P:7 A:694]
1:33pm: Created battle: [S:2 P:2 A:594]
1:33pm: Created battle: [S:2 P:4 A:189]
1:33pm: Created battle: [S:2 P:14 A:333]
1:33pm: Created battle: [S:2 P:3 A:315]
1:33pm: Created battle: [S:2 P:6 A:584]
1:33pm: Created battle: [S:2 P:2 A:215]
1:33pm: Created battle: [S:2 P:2 A:975]
1:33pm: Created battle: [S:2 P:2 A:752]
1:33pm: Created battle: [S:2 P:2 A:442]
1:33pm: Created battle: [S:2 P:4 A:648]
1:33pm: Created battle: [S:2 P:2 A:574]
1:33pm: Created battle: [S:2 P:3 A:377]
1:33pm: Created battle: [S:2 P:2 A:698]
1:33pm: Created battle: [S:2 P:4 A:1732]
1:33pm: Created battle: [S:2 P:3 A:542]
1:33pm: Created battle: [S:2 P:3 A:355]
1:33pm: Created battle: [S:2 P:7 A:278]
1:33pm: Created battle: [S:2 P:2 A:242]
1:33pm: Created battle: [S:2 P:3 A:355]
1:33pm: Created battle: [S:2 P:2 A:203]
1:33pm: Created battle: [S:2 P:4 A:52598]
1:33pm: Created battle: [S:2 P:7 A:447]
1:33pm: Created battle: [S:2 P:2 A:677]
1:33pm: Created battle: [S:2 P:4 A:185]
1:33pm: Created battle: [S:2 P:5 A:922]
1:33pm: Created battle: [S:2 P:4 A:590]
1:33pm: Created battle: [S:2 P:2 A:591]
1:33pm: Created battle: [S:1 P:2 A:3068]
1:33pm: Created battle: [S:2 P:3 A:900]
1:33pm: Created battle: [S:2 P:37 A:2423]
1:33pm: Created battle: [S:2 P:2 A:2852]
1:33pm: Created battle: [S:2 P:2 A:782]
1:33pm: Created battle: [S:2 P:2 A:281]
1:33pm: Created battle: [S:2 P:2 A:200]
1:33pm: Created battle: [S:2 P:2 A:1128]
1:33pm: Created battle: [S:2 P:2 A:577]
1:33pm: Created battle: [S:2 P:3 A:157]
1:33pm: Created battle: [S:2 P:2 A:870]
1:33pm: Created battle: [S:2 P:2 A:925]
1:33pm: Created battle: [S:1 P:3 A:3076]
1:33pm: Created battle: [S:2 P:3 A:194]
1:33pm: Created battle: [S:2 P:2 A:181]
1:33pm: Created battle: [S:2 P:2 A:88]
1:33pm: Processed 80 KMs.
1:33pm: Ran engine.
1:33pm: Expiring battle: [S:2 P:6 A:52019]
1:33pm: Updating json
Complete
Running processor...
/var/www/html/engine
1:35pm: Created battle: [S:2 P:3 A:753]
1:35pm: Created battle: [S:2 P:2 A:392]
1:35pm: Created battle: [S:2 P:2 A:697]
1:35pm: Created battle: [S:2 P:2 A:3450]
1:35pm: Created battle: [S:2 P:2 A:44714]
1:35pm: Created battle: [S:2 P:2 A:917774]
1:35pm: Created battle: [S:2 P:2 A:1250162]
1:35pm: Created battle: [S:2 P:2 A:1252340]
1:35pm: Created battle: [S:2 P:2 A:1529684]
1:35pm: Created battle: [S:2 P:2 A:2495605]
1:35pm: Created battle: [S:2 P:2 A:2300847]
1:35pm: Created battle: [S:2 P:2 A:130]
1:35pm: Created battle: [S:2 P:2 A:2497568]
1:35pm: Created battle: [S:2 P:2 A:829212]
1:35pm: Created battle: [S:2 P:4 A:252]
1:35pm: Created battle: [S:2 P:2 A:109]
1:35pm: Created battle: [S:2 P:2 A:393]
1:35pm: Created battle: [S:2 P:2 A:190]
1:35pm: Created battle: [S:2 P:2 A:173]
1:35pm: Created battle: [S:2 P:4 A:220]
1:35pm: Created battle: [S:2 P:4 A:103]
1:35pm: Created battle: [S:2 P:7 A:142]
1:35pm: Created battle: [S:2 P:2 A:222]
1:35pm: Processed 26 KMs.
1:35pm: Ran engine.
1:35pm: Expiring battle: [S:2 P:2 A:44714]
1:35pm: Expiring battle: [S:2 P:2 A:917774]
1:35pm: Expiring battle: [S:2 P:2 A:1250162]
1:35pm: Expiring battle: [S:2 P:2 A:1252340]
1:35pm: Expiring battle: [S:2 P:2 A:1529684]
1:35pm: Expiring battle: [S:2 P:2 A:2495605]
1:35pm: Expiring battle: [S:2 P:2 A:2300847]
1:35pm: Expiring battle: [S:2 P:2 A:2497568]
1:35pm: Expiring battle: [S:2 P:2 A:829212]
1:35pm: Updating json
Complete
Running processor...
/var/www/html/engine
1:37pm: Created battle: [S:2 P:3 A:361]
1:37pm: Created battle: [S:2 P:3 A:293]
1:37pm: Created battle: [S:2 P:2 A:339]
1:37pm: Created battle: [S:2 P:4 A:171]
1:37pm: Created battle: [S:2 P:3 A:243]
1:37pm: Created battle: [S:2 P:2 A:1171]
1:37pm: Created battle: [S:2 P:4 A:513]
1:37pm: Created battle: [S:2 P:2 A:455]
1:37pm: Processed 11 KMs.
1:37pm: Ran engine.
1:37pm: Updating json
1:37pm: Updating cache for cache/15/802911e89c4e0057f45436750478ad (330)
Complete
Running processor...
/var/www/html/engine
1:39pm: Created battle: [S:2 P:2 A:1836]
1:39pm: Created battle: [S:1 P:2 A:273]
1:39pm: Created battle: [S:2 P:2 A:3657]
1:39pm: Created battle: [S:2 P:3 A:220]
1:39pm: Created battle: [S:2 P:2 A:269]
1:39pm: Created battle: [S:2 P:2 A:275]
1:39pm: Created battle: [S:2 P:2 A:401]
1:39pm: Created battle: [S:2 P:3 A:212]
1:39pm: Created battle: [S:2 P:5 A:188]
1:39pm: Created battle: [S:2 P:3 A:538]
1:39pm: Created battle: [S:2 P:2 A:382]
1:39pm: Created battle: [S:2 P:2 A:1917]
1:39pm: Created battle: [S:2 P:2 A:1227]
1:39pm: Created battle: [S:2 P:4 A:63]
1:39pm: Created battle: [S:2 P:3 A:67]
1:39pm: Processed 29 KMs.
1:39pm: Ran engine.
1:39pm: Updating json
Complete
Running processor...
/var/www/html/engine
1:41pm: Created battle: [S:2 P:15 A:83]
1:41pm: Created battle: [S:2 P:2 A:82]
1:41pm: Created battle: [S:2 P:15 A:326]
1:41pm: Created battle: [S:2 P:4 A:600]
1:41pm: Created battle: [S:2 P:2 A:471]
1:41pm: Created battle: [S:2 P:2 A:172]
1:41pm: Created battle: [S:2 P:2 A:632]
1:41pm: Created battle: [S:2 P:3 A:190]
1:41pm: Created battle: [S:2 P:2 A:344]
1:41pm: Created battle: [S:2 P:2 A:313]
1:41pm: Created battle: [S:2 P:7 A:158]
1:41pm: Created battle: [S:2 P:2 A:329]
1:41pm: Processed 17 KMs.
1:41pm: Ran engine.
1:41pm: Updating json
1:41pm: Battle 9 is major... adding.
Complete
Running processor...
/var/www/html/engine
1:43pm: Created battle: [S:2 P:4 A:221]
1:43pm: Created battle: [S:2 P:5 A:273]
1:43pm: Created battle: [S:2 P:2 A:145]
1:43pm: Created battle: [S:2 P:4 A:162]
1:43pm: Created battle: [S:2 P:2 A:532]
1:43pm: Created battle: [S:2 P:3 A:163]
1:43pm: Created battle: [S:2 P:2 A:183]
1:43pm: Created battle: [S:2 P:3 A:167]
1:43pm: Created battle: [S:2 P:2 A:743]
1:43pm: Created battle: [S:2 P:7 A:331]
1:43pm: Created battle: [S:2 P:2 A:615]
1:43pm: Created battle: [S:2 P:3 A:3564]
1:43pm: Created battle: [S:2 P:2 A:889]
1:43pm: Created battle: [S:2 P:2 A:3233]
1:43pm: Created battle: [S:2 P:2 A:3032]
1:43pm: Created battle: [S:2 P:2 A:2865]
1:43pm: Created battle: [S:2 P:2 A:433]
1:43pm: Created battle: [S:2 P:4 A:287]
1:43pm: Created battle: [S:2 P:3 A:324]
1:43pm: Created battle: [S:2 P:4 A:356]
1:43pm: Processed 39 KMs.
1:43pm: Ran engine.
1:43pm: Updating json
1:43pm: Updating cache for cache/15/802911e89c4e0057f45436750478ad (330)
Complete
Running processor...
/var/www/html/engine
1:45pm: Created battle: [S:2 P:4 A:204]
1:45pm: Created battle: [S:2 P:4 A:318]
1:45pm: Created battle: [S:2 P:2 A:456]
1:45pm: Created battle: [S:2 P:2 A:252]
1:45pm: Created battle: [S:2 P:2 A:414]
1:45pm: Created battle: [S:2 P:6 A:187]
1:45pm: Created battle: [S:2 P:3 A:440]
1:45pm: Created battle: [S:2 P:2 A:222]
1:45pm: Created battle: [S:2 P:3 A:210]
1:45pm: Created battle: [S:2 P:2 A:112]
1:45pm: Processed 16 KMs.
1:45pm: Ran engine.
1:45pm: Updating json
Complete
Running processor...
/var/www/html/engine
1:47pm: Created battle: [S:2 P:11 A:342]
1:47pm: Created battle: [S:2 P:2 A:175]
1:47pm: Created battle: [S:2 P:2 A:247]
1:47pm: Created battle: [S:2 P:3 A:533]
1:47pm: Created battle: [S:2 P:2 A:288]
1:47pm: Created battle: [S:2 P:10 A:3240]
1:47pm: Created battle: [S:2 P:6 A:272]
1:47pm: Created battle: [S:2 P:4 A:138]
1:47pm: Created battle: [S:2 P:2 A:114]
1:47pm: Created battle: [S:2 P:4 A:203]
1:47pm: Created battle: [S:2 P:2 A:101]
1:47pm: Created battle: [S:2 P:3 A:213]
1:47pm: Created battle: [S:2 P:2 A:355]
1:47pm: Created battle: [S:2 P:2 A:389]
1:47pm: Created battle: [S:2 P:4 A:275]
1:47pm: Created battle: [S:2 P:5 A:282]
1:47pm: Processed 27 KMs.
1:47pm: Ran engine.
1:47pm: Updating json
Complete
Running processor...
/var/www/html/engine
1:49pm: Processed 0 KMs.
1:49pm: Ran engine.
1:49pm: Updating json
1:49pm: Updating cache for cache/15/802911e89c4e0057f45436750478ad (330)
Complete
Running processor...
/var/www/html/engine
1:51pm: Created battle: [S:2 P:3 A:304]
1:51pm: Created battle: [S:2 P:2 A:1511]
1:51pm: Created battle: [S:2 P:3 A:362]
1:51pm: Created battle: [S:2 P:2 A:758]
1:51pm: Created battle: [S:2 P:2 A:611]
1:51pm: Created battle: [S:2 P:2 A:686]
1:51pm: Created battle: [S:2 P:5 A:490]
1:51pm: Created battle: [S:2 P:2 A:1977]
1:51pm: Created battle: [S:2 P:2 A:465]
1:51pm: Created battle: [S:2 P:4 A:2819]
1:51pm: Created battle: [S:2 P:2 A:375]
1:51pm: Created battle: [S:2 P:3 A:417]
1:51pm: Created battle: [S:2 P:11 A:572]
1:51pm: Created battle: [S:2 P:4 A:624]
1:51pm: Created battle: [S:2 P:4 A:235]
1:51pm: Created battle: [S:2 P:2 A:305]
1:51pm: Created battle: [S:2 P:2 A:2628]
1:51pm: Created battle: [S:2 P:3 A:3177]
1:51pm: Created battle: [S:2 P:2 A:729]
1:51pm: Created battle: [S:2 P:5 A:463]
1:51pm: Created battle: [S:2 P:3 A:155]
1:51pm: Created battle: [S:2 P:2 A:371]
1:51pm: Created battle: [S:2 P:2 A:266]
1:51pm: Created battle: [S:2 P:2 A:948]
1:51pm: Created battle: [S:2 P:3 A:352]
1:51pm: Created battle: [S:2 P:3 A:688]
1:51pm: Created battle: [S:2 P:3 A:324]
1:51pm: Created battle: [S:2 P:5 A:685]
1:51pm: Created battle: [S:2 P:5 A:125]
1:51pm: Created battle: [S:2 P:2 A:353]
1:51pm: Created battle: [S:2 P:2 A:254]
1:51pm: Created battle: [S:2 P:2 A:63]
1:51pm: Created battle: [S:2 P:2 A:790]
1:51pm: Created battle: [S:2 P:2 A:2135]
1:51pm: Processed 57 KMs.
1:51pm: Ran engine.
1:51pm: Updating json
Complete
Running processor...
/var/www/html/engine
1:53pm: Created battle: [S:2 P:2 A:408]
1:53pm: Created battle: [S:2 P:2 A:233]
1:53pm: Created battle: [S:2 P:2 A:409]
1:53pm: Created battle: [S:2 P:4 A:196]
1:53pm: Created battle: [S:2 P:2 A:268]
1:53pm: Created battle: [S:2 P:3 A:237]
1:53pm: Created battle: [S:2 P:2 A:236]
1:53pm: Created battle: [S:2 P:2 A:323]
1:53pm: Created battle: [S:2 P:2 A:1175]
1:53pm: Created battle: [S:1 P:2 A:154]
1:53pm: Created battle: [S:2 P:4 A:804]
1:53pm: Created battle: [S:2 P:3 A:374]
1:53pm: Created battle: [S:2 P:2 A:2256]
1:53pm: Created battle: [S:2 P:9 A:143]
1:53pm: Created battle: [S:2 P:7 A:311]
1:53pm: Created battle: [S:2 P:2 A:364]
1:53pm: Created battle: [S:2 P:8 A:91]
1:53pm: Processed 27 KMs.
1:53pm: Ran engine.
1:53pm: Updating json
Complete
Running processor...
/var/www/html/engine
Running processor...
/var/www/html/engine
Running processor...
/var/www/html/engine
Running processor...
/var/www/html/engine
2:01pm: Created battle: [S:2 P:3 A:440]
2:01pm: Created battle: [S:2 P:2 A:2554]
2:01pm: Created battle: [S:1 P:4 A:393]
2:01pm: Created battle: [S:2 P:4 A:393]
2:01pm: Created battle: [S:2 P:4 A:140]
2:01pm: Created battle: [S:2 P:3 A:572]
2:01pm: Created battle: [S:2 P:2 A:1080]
2:01pm: Created battle: [S:2 P:2 A:449]
2:01pm: Created battle: [S:2 P:2 A:106]
2:01pm: Created battle: [S:2 P:12 A:192]
2:01pm: Processed 13 KMs.
2:01pm: Ran engine.
2:01pm: Updating json
Complete
Running processor...
/var/www/html/engine
2:03pm: Created battle: [S:2 P:2 A:373]
2:03pm: Created battle: [S:2 P:5 A:255]
2:03pm: Created battle: [S:2 P:2 A:408]
2:03pm: Created battle: [S:2 P:5 A:331]
2:03pm: Processed 10 KMs.
2:03pm: Ran engine.
2:03pm: Updating json
Complete
Running processor...
/var/www/html/engine
2:05pm: Created battle: [S:2 P:6 A:241]
2:05pm: Created battle: [S:2 P:2 A:575]
2:05pm: Created battle: [S:2 P:4 A:240]
2:05pm: Created battle: [S:2 P:4 A:94]
Running processor...
/var/www/html/engine
2:07pm: Created battle: [S:2 P:2 A:281]
2:07pm: Created battle: [S:2 P:2 A:604]
2:07pm: Created battle: [S:2 P:2 A:174]
2:07pm: Created battle: [S:2 P:2 A:368]
2:07pm: Created battle: [S:2 P:13 A:626]
2:07pm: Created battle: [S:2 P:9 A:538]
Running processor...
/var/www/html/engine
2:09pm: Created battle: [S:2 P:6 A:145]
2:09pm: Created battle: [S:2 P:4 A:635]
2:09pm: Created battle: [S:2 P:3 A:949]
2:09pm: Created battle: [S:2 P:2 A:365]
2:09pm: Created battle: [S:2 P:3 A:353]
2:09pm: Created battle: [S:2 P:7 A:584]
2:09pm: Created battle: [S:2 P:40 A:139]
2:09pm: Created battle: [S:2 P:3 A:625]
2:09pm: Created battle: [S:2 P:2 A:2233]
2:09pm: Created battle: [S:2 P:3 A:136]
2:09pm: Created battle: [S:2 P:2 A:1115]
2:09pm: Created battle: [S:2 P:4 A:690]
2:09pm: Created battle: [S:2 P:2 A:258]
2:09pm: Created battle: [S:2 P:2 A:701]
Running processor...
/var/www/html/engine
Running processor...
/var/www/html/engine
Complete
Running processor...
/var/www/html/engine
Running processor...
/var/www/html/engine
Complete
Running processor...
/var/www/html/engine
Complete
Running processor...
/var/www/html/engine
Complete
Running processor...
/var/www/html/engine
Complete
Running processor...
/var/www/html/engine
Complete
Running processor...
/var/www/html/engine
Complete
Running processor...
/var/www/html/engine
Complete
Running processor...
/var/www/html/engine
Running processor...
/var/www/html/engine
Complete
Running processor...
/var/www/html/engine
Complete
Running processor...
/var/www/html/engine
Complete
Running processor...
/var/www/html/engine
Complete
Running processor...
/var/www/html/engine
Complete
Running processor...
/var/www/html/engine
Running processor...
/var/www/html/engine
Complete
Running processor...
/var/www/html/engine
Complete
Running processor...
/var/www/html/engine
Running processor...
/var/www/html/engine
Complete
Running processor...
/var/www/html/engine
Complete
Running processor...
/var/www/html/engine
Complete
Running processor...
/var/www/html/engine
Running processor...
/var/www/html/engine
Complete
Running processor...
/var/www/html/engine
Complete
Running processor...
/var/www/html/engine
Complete
Running processor...
/var/www/html/engine
Complete
Running processor...
/var/www/html/engine
Complete
Running processor...
/var/www/html/engine
Complete
Running processor...
/var/www/html/engine
Complete
Running processor...
/var/www/html/engine
Complete
Running processor...
/var/www/html/engine
Running processor...
/var/www/html/engine
Running processor...
/var/www/html/engine
Running processor...
/var/www/html/engine
Complete
Running processor...
/var/www/html/engine
Complete
Running processor...
/var/www/html/engine
Complete
Running processor...
/var/www/html/engine
Complete
Running processor...
/var/www/html/engine
Complete
Running processor...
/var/www/html/engine
Running processor...
/var/www/html/engine
Running processor...
/var/www/html/engine
Running processor...
/var/www/html/engine
Running processor...
/var/www/html/engine
Running processor...
/var/www/html/engine
Complete
Running processor...
/var/www/html/engine
Complete
Running processor...
/var/www/html/engine
Complete
Running processor...
/var/www/html/engine
Complete
Running processor...
/var/www/html/engine
Complete
Running processor...
/var/www/html/engine
Complete
Running processor...
/var/www/html/engine
Complete
Running processor...
/var/www/html/engine
Complete
Running processor...
/var/www/html/engine
Complete
Running processor...
/var/www/html/engine
Complete
Running processor...
/var/www/html/engine
Complete
Running processor...
/var/www/html/engine
Complete
Running processor...
/var/www/html/engine
Complete
Running processor...
/var/www/html/engine
Complete
Running processor...
/var/www/html/engine
Complete
Running processor...
/var/www/html/engine
Complete
Running processor...
/var/www/html/engine
Complete
Running processor...
/var/www/html/engine
Complete
Running processor...
/var/www/html/engine
Running processor...
/var/www/html/engine
Complete
Running processor...
/var/www/html/engine
Complete
Running processor...
/var/www/html/engine
Complete
Running processor...
/var/www/html/engine
Complete
Running processor...
/var/www/html/engine
Complete
Running processor...
/var/www/html/engine
Complete
Running processor...
/var/www/html/engine
Complete
Running processor...
/var/www/html/engine
Complete
Running processor...
/var/www/html/engine
Complete
Running processor...
/var/www/html/engine
Complete
Running processor...
/var/www/html/engine
Complete
Running processor...
/var/www/html/engine
Complete
Running processor...
/var/www/html/engine
Complete
Running processor...
/var/www/html/engine
Complete
Running processor...
/var/www/html/engine
Complete
Running processor...
/var/www/html/engine
Complete
Running processor...
/var/www/html/engine
Complete
Running processor...
/var/www/html/engine
Complete
Running processor...
/var/www/html/engine
Complete
Running processor...
/var/www/html/engine
Complete
Running processor...
/var/www/html/engine
Complete
Running processor...
/var/www/html/engine
Complete
Running processor...
/var/www/html/engine
Complete
Running processor...
/var/www/html/engine
Complete
Running processor...
/var/www/html/engine
Complete
Running processor...
/var/www/html/engine
Complete
Running processor...
/var/www/html/engine
Complete
Running processor...
/var/www/html/engine
Complete
Running processor...
/var/www/html/engine
Complete
Running processor...
/var/www/html/engine
Complete
Running processor...
/var/www/html/engine
Complete
Running processor...
/var/www/html/engine
Complete
Running processor...
/var/www/html/engine
Complete
Running processor...
/var/www/html/engine
Complete
Running processor...
/var/www/html/engine
Complete
Running processor...
/var/www/html/engine
Complete
Running processor...
/var/www/html/engine
Complete
Running processor...
/var/www/html/engine
Complete
Running processor...
/var/www/html/engine
Complete
Running processor...
/var/www/html/engine
Complete
Running processor...
/var/www/html/engine
Complete
Running processor...
/var/www/html/engine
Running processor...
/var/www/html/engine
Running processor...
/var/www/html/engine
Running processor...
/var/www/html/engine
Complete
Running processor...
/var/www/html/engine
Complete
Running processor...
/var/www/html/engine
Complete
Running processor...
/var/www/html/engine
Complete
Running processor...
/var/www/html/engine
Complete
Running processor...
/var/www/html/engine
Complete
Running processor...
/var/www/html/engine
Complete
Running processor...
/var/www/html/engine
Complete
Running processor...
/var/www/html/engine
Complete
Running processor...
/var/www/html/engine
Complete
Running processor...
/var/www/html/engine
Complete
Running processor...
/var/www/html/engine
Complete
Running processor...
/var/www/html/engine
Complete
Running processor...
/var/www/html/engine
Complete
Running processor...
/var/www/html/engine
Complete
Running processor...
/var/www/html/engine
Complete
Running processor...
/var/www/html/engine
Complete
Running processor...
/var/www/html/engine
Complete
Running processor...
/var/www/html/engine
Complete
Running processor...
/var/www/html/engine
Complete
Running processor...
/var/www/html/engine
Complete
Running processor...
/var/www/html/engine
Complete
Running processor...
/var/www/html/engine
Complete
Running processor...
/var/www/html/engine
Complete
Running processor...
/var/www/html/engine
Complete (Mem: 22086960)
Running processor...
/var/www/html/engine
Complete (Mem: 22028656)
Running processor...
/var/www/html/engine
Complete (Mem: 22160616)
Running processor...
/var/www/html/engine
Complete (Mem: 22187616)
Running processor...
/var/www/html/engine
Complete (Mem: 22186192)
Running processor...
/var/www/html/engine
Complete (Mem: 22024376)
Running processor...
/var/www/html/engine
Complete (Mem: 22004256)
Running processor...
/var/www/html/engine
Complete (Mem: 21955984)
Running processor...
/var/www/html/engine
Complete (Mem: 21961704)
Running processor...
/var/www/html/engine
Complete (Mem: 22068144)
Running processor...
/var/www/html/engine
Complete (Mem: 22058648)
Running processor...
/var/www/html/engine
Complete (Mem: 21987208)
Running processor...
/var/www/html/engine
Complete (Mem: 21951392)
Running processor...
/var/www/html/engine
Complete (Mem: 21945896)
Running processor...
/var/www/html/engine
Complete (Mem: 22153648)
Running processor...
/var/www/html/engine
Complete (Mem: 21930632)
Running processor...
/var/www/html/engine
Complete (Mem: 21895080)
Running processor...
/var/www/html/engine
Complete (Mem: 22058056)
Running processor...
/var/www/html/engine
Complete (Mem: 21972952)
Running processor...
/var/www/html/engine
Complete (Mem: 22328912)
Running processor...
/var/www/html/engine
Complete (Mem: 22145968)
Running processor...
/var/www/html/engine
Complete (Mem: 22614400)
Running processor...
/var/www/html/engine
Complete (Mem: 22360768)
Running processor...
/var/www/html/engine
Complete (Mem: 22821136)
Running processor...
/var/www/html/engine
Complete (Mem: 22661360)
Running processor...
/var/www/html/engine
Complete (Mem: 22236344)
Running processor...
/var/www/html/engine
Complete (Mem: 22165664)
Running processor...
/var/www/html/engine
Complete (Mem: 22025328)
Running processor...
/var/www/html/engine
Complete (Mem: 22340480)
Running processor...
/var/www/html/engine
Complete (Mem: 22373768)
Running processor...
/var/www/html/engine
Complete (Mem: 22034440)
Running processor...
/var/www/html/engine
Complete (Mem: 22027264)
Running processor...
/var/www/html/engine
Complete (Mem: 22064928)
Running processor...
/var/www/html/engine
Complete (Mem: 21937208)
Running processor...
/var/www/html/engine
Complete (Mem: 21978504)
Running processor...
/var/www/html/engine
Complete (Mem: 21959936)
Running processor...
/var/www/html/engine
Complete (Mem: 21829768)
Running processor...
/var/www/html/engine
Complete (Mem: 21832512)
Running processor...
/var/www/html/engine
Complete (Mem: 21962832)
Running processor...
/var/www/html/engine
Complete (Mem: 22470752)
Running processor...
/var/www/html/engine
Running processor...
/var/www/html/engine
Running processor...
/var/www/html/engine
Running processor...
/var/www/html/engine
Running processor...
/var/www/html/engine
Running processor...
/var/www/html/engine
Running processor...
/var/www/html/engine
Running processor...
/var/www/html/engine
Running processor...
/var/www/html/engine
Running processor...
/var/www/html/engine
Running processor...
/var/www/html/engine
Running processor...
/var/www/html/engine
Running processor...
/var/www/html/engine
Running processor...
/var/www/html/engine
Running processor...
/var/www/html/engine
Running processor...
/var/www/html/engine
Running processor...
/var/www/html/engine
Running processor...
/var/www/html/engine
Running processor...
/var/www/html/engine
Running processor...
/var/www/html/engine
Running processor...
/var/www/html/engine
Running processor...
/var/www/html/engine
Running processor...
/var/www/html/engine
Running processor...
/var/www/html/engine
Running processor...
/var/www/html/engine
Running processor...
/var/www/html/engine
Running processor...
/var/www/html/engine
Running processor...
/var/www/html/engine
Running processor...
/var/www/html/engine
Running processor...
/var/www/html/engine
Running processor...
/var/www/html/engine
Running processor...
/var/www/html/engine
Running processor...
/var/www/html/engine
Running processor...
/var/www/html/engine
Running processor...
/var/www/html/engine
Running processor...
/var/www/html/engine
Running processor...
/var/www/html/engine
Running processor...
/var/www/html/engine
Running processor...
/var/www/html/engine
Running processor...
/var/www/html/engine
Running processor...
/var/www/html/engine
Running processor...
/var/www/html/engine
Running processor...
/var/www/html/engine
Running processor...
/var/www/html/engine
Running processor...
/var/www/html/engine
Running processor...
/var/www/html/engine
Running processor...
/var/www/html/engine
Running processor...
/var/www/html/engine
Running processor...
/var/www/html/engine
Running processor...
/var/www/html/engine
Running processor...
/var/www/html/engine
Running processor...
/var/www/html/engine
Running processor...
/var/www/html/engine
Running processor...
/var/www/html/engine
Running processor...
/var/www/html/engine
Running processor...
/var/www/html/engine
Running processor...
/var/www/html/engine
Running processor...
/var/www/html/engine
Running processor...
/var/www/html/engine
Running processor...
/var/www/html/engine
Running processor...
/var/www/html/engine
Running processor...
/var/www/html/engine
Running processor...
/var/www/html/engine
Running processor...
/var/www/html/engine
Running processor...
/var/www/html/engine
Running processor...
/var/www/html/engine
Running processor...
/var/www/html/engine
Running processor...
/var/www/html/engine
Running processor...
/var/www/html/engine
Running processor...
/var/www/html/engine
Running processor...
/var/www/html/engine
Running processor...
/var/www/html/engine
Running processor...
/var/www/html/engine
Running processor...
/var/www/html/engine
Running processor...
/var/www/html/engine
Running processor...
/var/www/html/engine
Running processor...
/var/www/html/engine
Running processor...
/var/www/html/engine
Running processor...
/var/www/html/engine
Running processor...
/var/www/html/engine
Running processor...
/var/www/html/engine
Running processor...
/var/www/html/engine
Running processor...
/var/www/html/engine
Running processor...
/var/www/html/engine
Running processor...
/var/www/html/engine
Running processor...
/var/www/html/engine
Running processor...
/var/www/html/engine
Running processor...
/var/www/html/engine
Running processor...
/var/www/html/engine
Running processor...
/var/www/html/engine
Running processor...
/var/www/html/engine
Running processor...
/var/www/html/engine
Running processor...
/var/www/html/engine
Running processor...
/var/www/html/engine
Running processor...
/var/www/html/engine
Running processor...
/var/www/html/engine
Running processor...
/var/www/html/engine
Running processor...
/var/www/html/engine
Running processor...
/var/www/html/engine
Running processor...
/var/www/html/engine
Running processor...
/var/www/html/engine
Running processor...
/var/www/html/engine
Running processor...
/var/www/html/engine
Running processor...
/var/www/html/engine
Running processor...
/var/www/html/engine
Running processor...
/var/www/html/engine
Running processor...
/var/www/html/engine
Running processor...
/var/www/html/engine
Running processor...
/var/www/html/engine
Running processor...
/var/www/html/engine
Running processor...
/var/www/html/engine
Running processor...
/var/www/html/engine
Running processor...
/var/www/html/engine
Running processor...
/var/www/html/engine
Running processor...
/var/www/html/engine
Running processor...
/var/www/html/engine
Running processor...
/var/www/html/engine
Running processor...
/var/www/html/engine
Running processor...
/var/www/html/engine
Running processor...
/var/www/html/engine
Running processor...
/var/www/html/engine
Running processor...
/var/www/html/engine
Running processor...
/var/www/html/engine
Running processor...
/var/www/html/engine
Running processor...
/var/www/html/engine
Running processor...
/var/www/html/engine
Running processor...
/var/www/html/engine
Running processor...
/var/www/html/engine
Running processor...
/var/www/html/engine
Running processor...
/var/www/html/engine
Running processor...
/var/www/html/engine
Running processor...
/var/www/html/engine
Running processor...
/var/www/html/engine
Running processor...
/var/www/html/engine
Running processor...
/var/www/html/engine
Running processor...
/var/www/html/engine
Running processor...
/var/www/html/engine
Running processor...
/var/www/html/engine
Running processor...
/var/www/html/engine
Running processor...
/var/www/html/engine
Running processor...
/var/www/html/engine
